\BOOKMARK [0][-]{chapter.1}{Introduction}{}% 1
\BOOKMARK [1][-]{section.1.1}{Product Purpose}{chapter.1}% 2
\BOOKMARK [1][-]{section.1.2}{Objectives}{chapter.1}% 3
\BOOKMARK [0][-]{chapter.2}{Overall Description}{}% 4
\BOOKMARK [1][-]{section.2.1}{Stakeholders}{chapter.2}% 5
\BOOKMARK [1][-]{section.2.2}{Constraints}{chapter.2}% 6
\BOOKMARK [1][-]{section.2.3}{Facts and assumptions}{chapter.2}% 7
\BOOKMARK [1][-]{section.2.4}{Naming convention and terminology}{chapter.2}% 8
\BOOKMARK [1][-]{section.2.5}{The scope of the work}{chapter.2}% 9
\BOOKMARK [2][-]{subsection.2.5.1}{Use cases}{section.2.5}% 10
\BOOKMARK [2][-]{subsection.2.5.2}{Work partitioning}{section.2.5}% 11
\BOOKMARK [0][-]{chapter.3}{Functional Requirements}{}% 12
\BOOKMARK [1][-]{section.3.1}{New user registration}{chapter.3}% 13
\BOOKMARK [2][-]{subsection.3.1.1}{Description and Priority}{section.3.1}% 14
\BOOKMARK [2][-]{subsection.3.1.2}{Stimulus/Response Sequences}{section.3.1}% 15
\BOOKMARK [1][-]{section.3.2}{User login}{chapter.3}% 16
\BOOKMARK [2][-]{subsection.3.2.1}{Description and Priority}{section.3.2}% 17
\BOOKMARK [2][-]{subsection.3.2.2}{Stimulus/Response Sequences}{section.3.2}% 18
\BOOKMARK [1][-]{section.3.3}{Play movies}{chapter.3}% 19
\BOOKMARK [2][-]{subsection.3.3.1}{Description and Priority}{section.3.3}% 20
\BOOKMARK [2][-]{subsection.3.3.2}{Stimulus/Response Sequences}{section.3.3}% 21
\BOOKMARK [1][-]{section.3.4}{Search movies}{chapter.3}% 22
\BOOKMARK [2][-]{subsection.3.4.1}{Description and Priority}{section.3.4}% 23
\BOOKMARK [2][-]{subsection.3.4.2}{Stimulus/Response Sequences}{section.3.4}% 24
\BOOKMARK [1][-]{section.3.5}{Filter by genre}{chapter.3}% 25
\BOOKMARK [2][-]{subsection.3.5.1}{Description and Priority}{section.3.5}% 26
\BOOKMARK [2][-]{subsection.3.5.2}{Stimulus/Response Sequences}{section.3.5}% 27
\BOOKMARK [1][-]{section.3.6}{Recommendation system}{chapter.3}% 28
\BOOKMARK [2][-]{subsection.3.6.1}{Description and Priority}{section.3.6}% 29
\BOOKMARK [2][-]{subsection.3.6.2}{Stimulus/Response Sequences}{section.3.6}% 30
\BOOKMARK [1][-]{section.3.7}{Rating system}{chapter.3}% 31
\BOOKMARK [2][-]{subsection.3.7.1}{Description and Priority}{section.3.7}% 32
\BOOKMARK [2][-]{subsection.3.7.2}{Stimulus/Response Sequences}{section.3.7}% 33
\BOOKMARK [1][-]{section.3.8}{Add movie to "My list"}{chapter.3}% 34
\BOOKMARK [2][-]{subsection.3.8.1}{Description and Priority}{section.3.8}% 35
\BOOKMARK [2][-]{subsection.3.8.2}{Stimulus/Response Sequences}{section.3.8}% 36
\BOOKMARK [1][-]{section.3.9}{Kids mode}{chapter.3}% 37
\BOOKMARK [2][-]{subsection.3.9.1}{Description and Priority}{section.3.9}% 38
\BOOKMARK [2][-]{subsection.3.9.2}{Stimulus/Response Sequences}{section.3.9}% 39
\BOOKMARK [1][-]{section.3.10}{Resume playing}{chapter.3}% 40
\BOOKMARK [2][-]{subsection.3.10.1}{Description and Priority}{section.3.10}% 41
\BOOKMARK [2][-]{subsection.3.10.2}{Stimulus/Response Sequences}{section.3.10}% 42
\BOOKMARK [0][-]{chapter.4}{Nonfunctional Requirements}{}% 43
\BOOKMARK [1][-]{section.4.1}{Performance Requirements}{chapter.4}% 44
\BOOKMARK [1][-]{section.4.2}{Security Requirements}{chapter.4}% 45
\BOOKMARK [0][-]{chapter.5}{Other issues}{}% 46
\BOOKMARK [1][-]{section.5.1}{Open Issues}{chapter.5}% 47
\BOOKMARK [1][-]{section.5.2}{Off-the-shelf solutions}{chapter.5}% 48
\BOOKMARK [1][-]{section.5.3}{New problems}{chapter.5}% 49
\BOOKMARK [0][-]{chapter.6}{Appendix}{}% 50
